2023-08-06 08:48:09.227542 - Initialized conversion of CBT974
2023-08-06 08:48:09.484955 - Received CBT.V505.FILE974.PDS from FILE974.XMI 
2023-08-06 08:48:09.487360 - Found $$$#DATE.txt (text/plain) in CBT.V505.FILE974.PDS, moved to PDS/$$$#DATE
2023-08-06 08:48:09.489386 - De-xmi-ed $$UGUIDE to CBT974/docs/$$UGUIDE.doc
2023-08-06 08:48:09.489464 - Found ##GUIDE.bin containing application/octet-stream, moved to PDS/##GUIDE
2023-08-06 08:48:09.491457 - Found ##MEMBS.txt (text/plain) in CBT.V505.FILE974.PDS, moved to PDS/##MEMBS
2023-08-06 08:48:09.492375 - Found #AOFWAIT.jcl (text/plain) in CBT.V505.FILE974.PDS, moved to PDS/#AOFWAIT
2023-08-06 08:48:09.493279 - Found #AOFWTO.jcl (text/plain) in CBT.V505.FILE974.PDS, moved to PDS/#AOFWTO
2023-08-06 08:48:09.494242 - Found #AOFWTOR.jcl (text/plain) in CBT.V505.FILE974.PDS, moved to PDS/#AOFWTOR
2023-08-06 08:48:09.495339 - Found @AOFPAUS.rexx (text/plain) in CBT.V505.FILE974.PDS, moved to PDS/@AOFPAUS
2023-08-06 08:48:09.496187 - Found @AOFWAIT.rexx (text/plain) in CBT.V505.FILE974.PDS, moved to PDS/@AOFWAIT
2023-08-06 08:48:09.497031 - Found @AOFWTO.rexx (text/plain) in CBT.V505.FILE974.PDS, moved to PDS/@AOFWTO
2023-08-06 08:48:09.498197 - Found @AOFWTOR.rexx (text/plain) in CBT.V505.FILE974.PDS, moved to PDS/@AOFWTOR
2023-08-06 08:48:09.499081 - Found @AOFWTO2.rexx (text/plain) in CBT.V505.FILE974.PDS, moved to PDS/@AOFWTO2
2023-08-06 08:48:09.500047 - Found @FILE974.txt (text/plain) in CBT.V505.FILE974.PDS, moved to PDS/@FILE974
2023-08-06 08:48:09.501085 - Found ALLCLOAD.jcl (text/plain) in CBT.V505.FILE974.PDS, moved to PDS/ALLCLOAD
2023-08-06 08:48:09.502110 - Found AOFBSCAN.txt (text/plain) in CBT.V505.FILE974.PDS, moved to PDS/AOFBSCAN
2023-08-06 08:48:09.503237 - Found AOFCB.txt (text/plain) in CBT.V505.FILE974.PDS, moved to PDS/AOFCB
2023-08-06 08:48:09.504260 - Found AOFCVTDB.txt (text/plain) in CBT.V505.FILE974.PDS, moved to PDS/AOFCVTDB
2023-08-06 08:48:09.505342 - Found AOFLOAD.txt (text/plain) in CBT.V505.FILE974.PDS, moved to PDS/AOFLOAD
2023-08-06 08:48:09.506379 - Found AOFMATCH.txt (text/plain) in CBT.V505.FILE974.PDS, moved to PDS/AOFMATCH
2023-08-06 08:48:09.507374 - Found AOFMCS.txt (text/plain) in CBT.V505.FILE974.PDS, moved to PDS/AOFMCS
2023-08-06 08:48:09.508410 - Found AOFNTRY.txt (text/plain) in CBT.V505.FILE974.PDS, moved to PDS/AOFNTRY
2023-08-06 08:48:09.509475 - Found AOFPARS.txt (text/plain) in CBT.V505.FILE974.PDS, moved to PDS/AOFPARS
2023-08-06 08:48:09.510500 - Found AOFPAUSE.txt (text/plain) in CBT.V505.FILE974.PDS, moved to PDS/AOFPAUSE
2023-08-06 08:48:09.511511 - Found AOFPROC.txt (text/plain) in CBT.V505.FILE974.PDS, moved to PDS/AOFPROC
2023-08-06 08:48:09.512415 - Found AOFSAMP.txt (text/plain) in CBT.V505.FILE974.PDS, moved to PDS/AOFSAMP
2023-08-06 08:48:09.513451 - Found AOFSVC.txt (text/plain) in CBT.V505.FILE974.PDS, moved to PDS/AOFSVC
2023-08-06 08:48:09.514366 - Found AOFWAIT.txt (text/plain) in CBT.V505.FILE974.PDS, moved to PDS/AOFWAIT
2023-08-06 08:48:09.515368 - Found AOFWTO.txt (text/plain) in CBT.V505.FILE974.PDS, moved to PDS/AOFWTO
2023-08-06 08:48:09.516344 - Found AOFWTOR.txt (text/plain) in CBT.V505.FILE974.PDS, moved to PDS/AOFWTOR
2023-08-06 08:48:09.517281 - Found ASMALL.jcl (text/plain) in CBT.V505.FILE974.PDS, moved to PDS/ASMALL
2023-08-06 08:48:09.518212 - Found ASMONE.jcl (text/plain) in CBT.V505.FILE974.PDS, moved to PDS/ASMONE
2023-08-06 08:48:09.519164 - Found ASMRACF.jcl (text/plain) in CBT.V505.FILE974.PDS, moved to PDS/ASMRACF
2023-08-06 08:48:09.520059 - Found ASMSAMP.jcl (text/plain) in CBT.V505.FILE974.PDS, moved to PDS/ASMSAMP
2023-08-06 08:48:09.520956 - Found ICHRRCDE.txt (text/plain) in CBT.V505.FILE974.PDS, moved to PDS/ICHRRCDE
2023-08-06 08:48:09.521964 - Found IEASVC00.txt (text/plain) in CBT.V505.FILE974.PDS, moved to PDS/IEASVC00
2023-08-06 08:48:09.522957 - Found MSGCB.txt (text/plain) in CBT.V505.FILE974.PDS, moved to PDS/MSGCB
2023-08-06 08:48:09.523974 - Found TABEND.txt (text/plain) in CBT.V505.FILE974.PDS, moved to PDS/TABEND
2023-08-06 08:48:09.524884 - Found TABENTRY.txt (text/plain) in CBT.V505.FILE974.PDS, moved to PDS/TABENTRY
2023-08-06 08:48:09.525754 - Found TABSTART.txt (text/plain) in CBT.V505.FILE974.PDS, moved to PDS/TABSTART
2023-08-06 08:48:09.526602 - Found WTOTEST.jcl (text/plain) in CBT.V505.FILE974.PDS, moved to PDS/WTOTEST
2023-08-06 08:48:09.527459 - Found XMIT.jcl (text/plain) in CBT.V505.FILE974.PDS, moved to PDS/XMIT
